2018-07-23 11:52:00,627:INFO: START OF NEW MODEL
2018-07-23 11:52:00,628:INFO: learning rate = 0.000489, hidden layers = 4, hidden units = 320, epochs = 15000
2018-07-23 11:52:00,629:INFO: L2 beta = 0.035300, Dropout Keep Prob = 0.786000
2018-07-23 11:52:01,992:INFO: Epoch 0 loss: 370.693512
2018-07-23 11:52:01,993:INFO: Train error: 0.994201
2018-07-23 11:52:01,994:INFO: Dev error: 0.993512
2018-07-23 11:52:13,859:INFO: Epoch 1500 loss: 25.486599
2018-07-23 11:52:13,860:INFO: Train error: 0.110715
2018-07-23 11:52:13,860:INFO: Dev error: 0.112969
2018-07-23 11:52:26,209:INFO: Epoch 3000 loss: 23.371088
2018-07-23 11:52:26,210:INFO: Train error: 0.164079
2018-07-23 11:52:26,210:INFO: Dev error: 0.163230
2018-07-23 11:52:36,908:INFO: Epoch 4500 loss: 19.888546
2018-07-23 11:52:36,908:INFO: Train error: 0.146163
2018-07-23 11:52:36,908:INFO: Dev error: 0.139095
2018-07-23 11:52:48,355:INFO: Epoch 6000 loss: 18.644369
2018-07-23 11:52:48,355:INFO: Train error: 0.121535
2018-07-23 11:52:48,356:INFO: Dev error: 0.107853
2018-07-23 11:53:00,211:INFO: Epoch 7500 loss: 17.083956
2018-07-23 11:53:00,212:INFO: Train error: 0.064133
2018-07-23 11:53:00,213:INFO: Dev error: 0.058672
2018-07-23 11:53:11,384:INFO: Epoch 9000 loss: 15.886109
2018-07-23 11:53:11,385:INFO: Train error: 0.020301
2018-07-23 11:53:11,385:INFO: Dev error: 0.046438
2018-07-23 11:53:23,482:INFO: Epoch 10500 loss: 14.659942
2018-07-23 11:53:23,483:INFO: Train error: 0.019457
2018-07-23 11:53:23,484:INFO: Dev error: 0.044489
2018-07-23 11:53:34,533:INFO: Epoch 12000 loss: 14.644449
2018-07-23 11:53:34,533:INFO: Train error: 0.015808
2018-07-23 11:53:34,534:INFO: Dev error: 0.045501
2018-07-23 11:53:46,251:INFO: Epoch 13500 loss: 14.098034
2018-07-23 11:53:46,252:INFO: Train error: 0.008742
2018-07-23 11:53:46,253:INFO: Dev error: 0.041363
2018-07-23 11:53:58,133:INFO: Epoch 15000 loss: 14.055153
2018-07-23 11:53:58,134:INFO: Train error: 0.011917
2018-07-23 11:53:58,135:INFO: Dev error: 0.041806
2018-07-23 11:53:58,138:INFO: Final train error: 0.011917
2018-07-23 11:53:58,139:INFO: Final dev error: 0.041806
2018-07-23 11:53:58,140:INFO: Final test error: 0.034315
2018-07-23 11:53:58,140:INFO: Test MAE: 11.396962
2018-07-23 11:53:58,142:INFO: Test RMSE: 13.349698
2018-07-23 11:53:58,143:INFO: Train R^2: 0.974844
2018-07-23 11:53:58,143:INFO: Min epoch: 13500
2018-07-23 11:53:58,144:INFO: Min dev error: 0.041363
2018-07-23 11:53:58,145:INFO: Min test error: 0.033301
2018-07-23 12:09:55,270:INFO: START OF NEW SUBJECT RUN
2018-07-23 12:09:55,271:INFO: Avg Train Error: 0.015420
2018-07-23 12:09:55,272:INFO: Avg Test Error: 0.045171
2018-07-23 12:09:55,272:INFO: Std Test Error: 0.008242
2018-07-23 12:09:55,273:INFO: Subject Test Errors: [0.03668732795371385, 0.04235981365044195, 0.04337767257814546, 0.048281435705666134, 0.04567587781652377, 0.035606239651628666, 0.0452611693725591, 0.06411785754038542]
2018-07-23 12:09:55,273:INFO: Avg Train R^2: 0.955730
2018-07-23 12:09:55,274:INFO: Avg Test RMSE: 19.160487
2018-07-23 12:09:55,274:INFO: Avg Test MAE: 15.610082
2018-07-23 12:09:55,275:INFO: PREDICTED THEN ACTUAL RESULTS BELOW
2018-07-23 12:09:55,275:INFO: [[347.95746, 340.93945, 313.24112, 353.16473, 361.73047, 344.11877, 370.9064], [335.16852, 322.299, 345.78372, 350.66495, 332.89856, 354.7268, 304.1749], [327.82434, 358.04297, 284.40128, 303.3521, 285.07364, 343.45593, 350.14392], [353.0916, 345.21698, 346.80588, 317.89243, 393.90762, 344.99503, 338.38354], [374.43286, 346.6594, 307.0878, 300.6367, 367.95847, 346.5804, 338.02142], [366.30997, 379.91882, 341.9596, 367.13467, 338.15216, 322.15543, 306.3871], [314.66986, 350.2252, 340.7908, 346.07602, 378.87665, 319.64236, 308.5285], [366.68607, 302.82385, 295.6945, 346.26257, 374.45334, 328.21085, 323.10724]]
2018-07-23 12:09:55,276:INFO: [[344.22, 355.9, 301.55, 351.41, 351.78, 314.25, 375.41], [348.38, 337.98, 316.77, 355.9, 323.83, 346.39, 319.58], [348.38, 366.59, 293.99, 315.17, 285.01, 387.27, 358.28], [344.22, 337.98, 317.82, 313.26, 408.21, 353.78, 381.31], [380.33, 355.9, 319.27, 313.0, 390.43, 353.78, 381.31], [358.85, 378.46, 316.77, 375.75, 317.82, 321.63, 319.58], [301.55, 329.64, 315.5, 358.28, 401.91, 313.61, 312.69], [401.95, 319.27, 272.94, 352.75, 411.04, 345.48, 344.65]]
2018-07-23 12:28:55,434:INFO: START OF NEW SUBJECT RUN
2018-07-23 12:28:55,435:INFO: Avg Train Error: 0.018418
2018-07-23 12:28:55,435:INFO: Avg Test Error: 0.081025
2018-07-23 12:28:55,436:INFO: Std Test Error: 0.043625
2018-07-23 12:28:55,436:INFO: Subject Test Errors: [0.09023259814201345, 0.0785384185371081, 0.18107538930191736, 0.0842965437465077, 0.04772968726158658, 0.036565111748251194, 0.09233204041979616, 0.03743067260505383]
2018-07-23 12:28:55,437:INFO: Avg Train R^2: 0.939521
2018-07-23 12:28:55,438:INFO: Avg Test RMSE: 31.833439
2018-07-23 12:28:55,438:INFO: Avg Test MAE: 27.861645
2018-07-23 12:28:55,439:INFO: PREDICTED THEN ACTUAL RESULTS BELOW
2018-07-23 12:28:55,439:INFO: [[311.19638, 323.64728, 334.68152, 335.73657, 351.08777, 351.11194, 335.94324, 316.52887, 307.424], [324.37613, 331.04755, 334.01538, 333.41876, 343.90454, 343.78555, 331.27905, 323.77454, 313.9378], [323.9394, 330.51242, 358.44443, 363.26865, 365.1479, 361.37466, 351.26324, 334.47003, 322.7361], [319.05167, 329.72092, 336.04175, 342.92087, 359.44995, 355.087, 332.0011, 319.97095, 319.41412], [313.9542, 314.08167, 341.40936, 340.2771, 344.8737, 341.90262, 334.99396, 334.24973, 325.85272], [317.65408, 339.3012, 348.73438, 357.7272, 364.1, 369.72366, 350.68796, 344.58633, 334.74658], [326.4359, 325.07782, 337.38397, 340.2864, 344.60556, 344.13785, 327.10715, 315.43384, 321.42075], [307.59033, 316.387, 323.94278, 342.35532, 347.45102, 340.9479, 324.9378, 311.7416, 305.3497]]
2018-07-23 12:28:55,440:INFO: [[348.38, 358.85, 378.72, 366.59, 380.33, 378.46, 367.96, 344.22, 337.98], [316.77, 371.68, 374.92, 375.75, 383.25, 401.95, 355.9, 317.82, 313.98], [269.35, 293.99, 303.43, 315.17, 301.55, 319.27, 285.01, 272.94, 274.81], [313.26, 323.83, 346.39, 408.21, 377.71, 420.92, 383.96, 351.41, 358.55], [313.41, 321.63, 365.83, 352.85, 351.78, 387.27, 353.6, 314.25, 313.0], [330.56, 336.27, 352.75, 359.78, 375.41, 390.43, 354.21, 329.64, 309.03], [315.5, 338.7, 358.28, 411.04, 367.66, 401.91, 344.58, 353.78, 381.31], [293.77, 319.58, 313.61, 325.61, 345.48, 344.65, 312.69, 287.68, 293.53]]
2018-07-23 17:36:23,824:INFO: START OF NEW SUBJECT RUN
2018-07-23 17:36:23,825:INFO: Avg Train Error: 0.009297
2018-07-23 17:36:23,825:INFO: Avg Test Error: 0.088413
2018-07-23 17:36:23,826:INFO: Std Test Error: 0.046165
2018-07-23 17:36:23,828:INFO: Subject Test Errors: [0.13565627867677282, 0.0576820047019716, 0.09967288479521619, 0.14215607959141907, 0.03949846515239524, 0.06505544175141571, 0.14655168282168948, 0.021031452623701534]
2018-07-23 17:36:23,828:INFO: Avg Train R^2: 0.984915
2018-07-23 17:36:23,829:INFO: Avg Test RMSE: 33.585728
2018-07-23 17:36:23,829:INFO: Avg Test MAE: 31.319913
2018-07-23 17:36:23,830:INFO: PREDICTED THEN ACTUAL RESULTS BELOW
2018-07-23 17:36:23,830:INFO: [[315.21054, 294.78546], [340.1336, 367.18735], [340.45316, 307.65366], [342.33627, 336.30426], [346.8522, 334.1962], [388.1421, 347.4839], [327.94397, 306.7444], [353.0791, 316.7104]]
2018-07-23 17:36:23,831:INFO: [[367.96, 337.98], [316.77, 383.25], [315.17, 274.81], [408.21, 383.96], [351.78, 353.6], [390.43, 309.03], [401.91, 344.58], [345.48, 312.69]]
